|------------------------------------------------------------------------------------------------------------------------------|-----|-----|
|Frequency layout [GHz]                                                                                                        |Ref. |Max. |
|2.4       2.41      2.42      2.43      2.44      2.45      2.46      2.47      2.48      2.49      2.5       2.51      2.52  |RPD  |RPD  |
||         |         |         |         |         |         |         |         |         |         |         |         |     |[pcs]|[pcs]|
|------------------------------------------------------------------------------------------------------------------------------|-----|-----|
|. :::----:::-:....   ..   :++#*%%%*#**+*###*@@..-      ....:-:-:+++-=-=+**=#+::..::.                                          |  16 | 180 |
|:. .-=+=-::.:.... .    .....-*#*%##@%#####@#%%+:.         ..:::.--:..... ..::::::..                                           |  16 | 180 |
|..:. .:--==-==---..  .. ..:=@%@@#++##*+#*%*%+*+-.        .:-=++*++--=---::::::..:. ..                                         |  18 | 180 |
|..-=-:=*=--:-:..  .  .   .-=@@%%#++*##%*%*%@*%#:.       ..::---::--::::==-==-..... ..                                         |  18 | 180 |
|....:-----=-:::..        :--%+*++*+*+++*#+**+%@::      ..........:.::-:-::::::::... .                                         |  26 | 180 |
|...::-:-:-:=-:...      .. .=*##%*#*#@*#@+%=+#%#::           .::-:-----::...-:=-=....                                          |  20 | 180 |
|  ..:::-::-:::::..   ......-+*+#+=+=+%%+@*+%###:.     . .....-----::..:.....--::....                                          |  20 | 180 |
|.....::::----::..     . .::.*##+***%#**##%*#%@%-:      ....:--:::.:::::::.::---:..                                            |  21 | 180 |
| ...::::::::.....    .. .-+=%%%%%#%##%#%#@%*##+=-       ..::::::.......:..:::......                                           |  29 | 180 |
|..................    ....::*#*####@##%%%%@%#%@:-      ...........................                                            |  38 | 180 |
|....:::::..::::-:::  .   ::.**%%%@%*%#%%%%#@%%#..       ..   .......::::-::.:.... ..                                          |  24 | 180 |
|......-=++**+*+::..  ... ...%@%#@%#*#@@###*+%@%:.            . ..:=----:-:-:.:.:....                                          |  20 | 180 |
|.. .:-::--=----:..    ......#**##*#@*%@**%%+*#*..            ..::.:--=-==-:....... ..                                         |  25 | 180 |
| ...---::.:......    ..  ...%#*%**#+*#%##@@@%%@.              .:::...:::..::-::::.  .                                         |  22 | 180 |
|..::----::--=-::::.  . ...:.#++#*#+=#*+=+*#@*%#..            ...:.:::-:-----:=-....                                           |  21 | 180 |
| ...::::....:::....    ...-:%*##*%%#**%#**%#@@*::               ...::-..............                                          |  28 | 180 |
|..:......:.:.. ...    .. ...++**#@#**=#*#%###*#::          .   ....:::::..:....:.....                                         |  29 | 180 |
| ...::.---::::....      ....+++*#*#%%*#@@%%**##:.            ..........:.......:...                                           |  30 | 180 |
| .....::--::+-:::::  ..   --%#**++-#*+*#%#%%*#@-:             ..:-++=-:::..::---::.                                           |  24 | 180 |
|.  ..:-.::.:-:::.:.    .....@%@%@%%@@*######+== .      ...:::.:::.. ..:.:::.:..    ..                                         |  21 | 180 |
|   ...:::==:===-::.     ..:.#+*%**##@%%#@@@#*%%:.       .:....::..:::.::::::--....                                            |  17 | 180 |
|...................   ......*++**++#*#***@***#%:..        ....:..::.............  ..                                          |  32 | 180 |
|  .::...:::::-:.....  .. .==#@%@##%##=+*++#****--      ......:...................  ..                                         |  35 | 180 |
                                Wi-Fi (WLAN 6)
								
Info: phone is playing music via JBL (Bluetooth).