|------------------------------------------------------------------------------------------------------------------------------|-----|-----|
|Frequency layout [GHz]                                                                                                        |Ref. |Max. |
|2.4       2.41      2.42      2.43      2.44      2.45      2.46      2.47      2.48      2.49      2.5       2.51      2.52  |RPD  |RPD  |
||         |         |         |         |         |         |         |         |         |         |         |         |     |[pcs]|[pcs]|
|------------------------------------------------------------------------------------------------------------------------------|-----|-----|
|     ..              . .. ...+=-**+*####*@##%#:-.                           ..  .:..                                          |  17 | 180 |
|..--.                     .-:*%+#%@#%@@*++%+-=:-                      ..    :.     ..                                         |  10 | 180 |
| .....               .....:=%%*#%@%###*++++*%+=::                   ...... ..........                                         |  19 | 180 |
|...   .                .. :-+*##%**++*%*#%##@#-::                        . ..   ..                                            |  24 | 180 |
|     ..                 ...-+=**++#*=**##*#**@=-                      .... .. .... ..                                         |  21 | 180 |
|.                      ...=+=%#@%##**+#*++--+#.:.                   .  .     ..    ..                                         |  20 | 180 |
|   .. .              ...  --.+*+#+=*+*=**#@+*+-=.                        .  ..    ...                                         |  24 | 180 |
|.  ....               .. ..=-+%##@####%*#@%*#:-::                                ....                                         |  20 | 180 |
|    ..                 ...:-:-***=*%=****+%%@-==.                           .. ..   .                                         |  24 | 180 |
|  ...                .  .. :-=*#*#*#@@@%%##**=::.                              .... .                                         |  25 | 180 |
|..    .              ...  =--+@%+*+*%%*++*%@#-*:.                             .. ..                                           |  17 | 180 |
|   ....              . . .:-%#%@###***%%%#*+*:.:. . .. ..  .    .   .           ..  .                                         |  19 | 180 |
|...  .. . ..  : ..  . .. ...:.%#*@@####*##*@#-:...  . .   .            ..  .  ..                                              |  19 | 180 |
|  :..:: . .  .. .  .. :.::=.=.*#****%@%%@##@@:-.:  .. .  .                  ..:.                                              |  18 | 180 |
|  .:...  .  . ..  . ..... :-.:@*####****++++#.... . .  ..                :.  ....  ..                                         |  21 | 180 |
|   . ..  .  ...   . .. ...:..:+##%@@@**+*%#*#:.:.   . ...   .         .  .. .........                                         |  26 | 180 |
|   .. :  .. .  .  . .. .:.-:-%#%%@@%@##*+%*##+.:. . ..  .                 .    ..  ..                                         |  22 | 180 |
|.. .  :  . .  .  .. .. .  ..:+#@@@%@##%%##+*+.::... .. .   .             .  . ..:                                             |  22 | 180 |
|. .....    .  .  .  .  . .::=******#*#@#%%%%%=-:..  . ..  .         .       .  .    .                                         |  27 | 180 |
|... ..  . .  .       ..  :.::+*++=**+=++++#@*-::-... ..     .  .  ..       .. .. ...                                          |  23 | 180 |
|    ..  . .  .  .  .  :. . ..=#*+*%#*%#@@%%%%=.... .  .. .                 ....  ...                                          |  26 | 180 |
| .. . ..    ::  . .   ..:..:::%*+%%*@*=+=**%*-..: ..  . ..                 .:-.  ...                                          |  18 | 180 |
| ...  . .. .     .  :..:. . --*#@%#****#%%**+:.. .  .  .  .              .  ...:  ..                                          |  28 | 180 |
                                Wi-Fi (WLAN 6)
								
Info: phone is trying to connect to turned off JBL (Bluetooth).